# JRE version: OpenJDK Runtime Environment (21.0.7) (build 21.0.7+-13880790-b1038.58)
# Java VM: OpenJDK 64-Bit Server VM (21.0.7+-13880790-b1038.58, mixed mode, tiered, compressed oops, compressed class ptrs, g1 gc, windows-amd64)
GC Precious Log:
 CardTable entry size: 512
 Card Set container configuration: InlinePtr #cards 5 size 8 Array Of Cards #cards 12 size 40 Howl #buckets 4 coarsen threshold 1843 Howl Bitmap #cards 512 size 80 coarsen threshold 460 Card regions per heap region 1 cards per card region 2048
 CPUs: 12 total, 12 available
 Memory: 15731M
 Large Page Support: Disabled
 NUMA Support: Disabled
 Compressed Oops: Enabled (32-bit)
 Heap Region Size: 1M
 Heap Min Capacity: 8M
 Heap Initial Capacity: 246M
 Heap Max Capacity: 2G
 Pre-touch: Disabled
 Parallel Workers: 10
 Concurrent Workers: 3
 Concurrent Refinement Workers: 10
 Periodic GC: Disabled
Heap:
 garbage-first heap   total 109568K, used 88481K [0x0000000080000000, 0x0000000100000000)
  region size 1024K, 23 young (23552K), 1 survivors (1024K)
 Metaspace       used 80286K, committed 82176K, reserved 1179648K
  class space    used 10833K, committed 11776K, reserved 1048576K
GC Heap History (20 events):
Event: 7.015 GC heap before
{Heap before GC invocations=14 (full 0):
 garbage-first heap   total 84992K, used 58395K [0x0000000080000000, 0x0000000100000000)
  region size 1024K, 21 young (21504K), 4 survivors (4096K)
 Metaspace       used 58857K, committed 60416K, reserved 1114112K
  class space    used 8055K, committed 8832K, reserved 1048576K
}
Event: 7.017 GC heap after
{Heap after GC invocations=15 (full 0):
 garbage-first heap   total 84992K, used 43500K [0x0000000080000000, 0x0000000100000000)
  region size 1024K, 2 young (2048K), 2 survivors (2048K)
 Metaspace       used 58857K, committed 60416K, reserved 1114112K
  class space    used 8055K, committed 8832K, reserved 1048576K
}
Event: 7.551 GC heap before
{Heap before GC invocations=16 (full 0):
 garbage-first heap   total 84992K, used 76268K [0x0000000080000000, 0x0000000100000000)
  region size 1024K, 34 young (34816K), 2 survivors (2048K)
 Metaspace       used 63436K, committed 65024K, reserved 1114112K
  class space    used 8707K, committed 9472K, reserved 1048576K
}
Event: 7.553 GC heap after
{Heap after GC invocations=17 (full 0):
 garbage-first heap   total 103424K, used 44637K [0x0000000080000000, 0x0000000100000000)
  region size 1024K, 3 young (3072K), 3 survivors (3072K)
 Metaspace       used 63436K, committed 65024K, reserved 1114112K
  class space    used 8707K, committed 9472K, reserved 1048576K
}
Event: 13.577 GC heap before
{Heap before GC invocations=17 (full 0):
 garbage-first heap   total 103424K, used 92765K [0x0000000080000000, 0x0000000100000000)
  region size 1024K, 50 young (51200K), 3 survivors (3072K)
 Metaspace       used 69650K, committed 71360K, reserved 1114112K
  class space    used 9708K, committed 10560K, reserved 1048576K
}
Event: 13.581 GC heap after
{Heap after GC invocations=18 (full 0):
 garbage-first heap   total 103424K, used 46222K [0x0000000080000000, 0x0000000100000000)
  region size 1024K, 6 young (6144K), 6 survivors (6144K)
 Metaspace       used 69650K, committed 71360K, reserved 1114112K
  class space    used 9708K, committed 10560K, reserved 1048576K
}
Event: 14.700 GC heap before
{Heap before GC invocations=18 (full 0):
 garbage-first heap   total 103424K, used 89230K [0x0000000080000000, 0x0000000100000000)
  region size 1024K, 49 young (50176K), 6 survivors (6144K)
 Metaspace       used 71935K, committed 73664K, reserved 1114112K
  class space    used 9975K, committed 10816K, reserved 1048576K
}
Event: 14.705 GC heap after
{Heap after GC invocations=19 (full 0):
 garbage-first heap   total 103424K, used 50622K [0x0000000080000000, 0x0000000100000000)
  region size 1024K, 7 young (7168K), 7 survivors (7168K)
 Metaspace       used 71935K, committed 73664K, reserved 1114112K
  class space    used 9975K, committed 10816K, reserved 1048576K
}
Event: 14.936 GC heap before
{Heap before GC invocations=19 (full 0):
 garbage-first heap   total 103424K, used 88510K [0x0000000080000000, 0x0000000100000000)
  region size 1024K, 45 young (46080K), 7 survivors (7168K)
 Metaspace       used 72229K, committed 73920K, reserved 1114112K
  class space    used 9976K, committed 10816K, reserved 1048576K
}
Event: 14.941 GC heap after
{Heap after GC invocations=20 (full 0):
 garbage-first heap   total 103424K, used 52968K [0x0000000080000000, 0x0000000100000000)
  region size 1024K, 4 young (4096K), 4 survivors (4096K)
 Metaspace       used 72229K, committed 73920K, reserved 1114112K
  class space    used 9976K, committed 10816K, reserved 1048576K
}
Event: 15.133 GC heap before
{Heap before GC invocations=21 (full 0):
 garbage-first heap   total 103424K, used 90856K [0x0000000080000000, 0x0000000100000000)
  region size 1024K, 42 young (43008K), 4 survivors (4096K)
 Metaspace       used 72326K, committed 74048K, reserved 1114112K
  class space    used 9976K, committed 10816K, reserved 1048576K
}
Event: 15.136 GC heap after
{Heap after GC invocations=22 (full 0):
 garbage-first heap   total 103424K, used 53749K [0x0000000080000000, 0x0000000100000000)
  region size 1024K, 4 young (4096K), 4 survivors (4096K)
 Metaspace       used 72326K, committed 74048K, reserved 1114112K
  class space    used 9976K, committed 10816K, reserved 1048576K
}
Event: 15.360 GC heap before
{Heap before GC invocations=22 (full 0):
 garbage-first heap   total 103424K, used 90613K [0x0000000080000000, 0x0000000100000000)
  region size 1024K, 41 young (41984K), 4 survivors (4096K)
 Metaspace       used 72341K, committed 74048K, reserved 1114112K
  class space    used 9976K, committed 10816K, reserved 1048576K
}
Event: 15.363 GC heap after
{Heap after GC invocations=23 (full 0):
 garbage-first heap   total 103424K, used 53564K [0x0000000080000000, 0x0000000100000000)
  region size 1024K, 4 young (4096K), 4 survivors (4096K)
 Metaspace       used 72341K, committed 74048K, reserved 1114112K
  class space    used 9976K, committed 10816K, reserved 1048576K
}
Event: 15.611 GC heap before
{Heap before GC invocations=23 (full 0):
 garbage-first heap   total 103424K, used 71996K [0x0000000080000000, 0x0000000100000000)
  region size 1024K, 23 young (23552K), 4 survivors (4096K)
 Metaspace       used 72727K, committed 74496K, reserved 1114112K
  class space    used 10033K, committed 10880K, reserved 1048576K
}
Event: 15.614 GC heap after
{Heap after GC invocations=24 (full 0):
 garbage-first heap   total 103424K, used 55391K [0x0000000080000000, 0x0000000100000000)
  region size 1024K, 6 young (6144K), 6 survivors (6144K)
 Metaspace       used 72727K, committed 74496K, reserved 1114112K
  class space    used 10033K, committed 10880K, reserved 1048576K
}
Event: 17.261 GC heap before
{Heap before GC invocations=25 (full 0):
 garbage-first heap   total 103424K, used 95327K [0x0000000080000000, 0x0000000100000000)
  region size 1024K, 39 young (39936K), 6 survivors (6144K)
 Metaspace       used 74784K, committed 76544K, reserved 1114112K
  class space    used 10274K, committed 11136K, reserved 1048576K
}
Event: 17.265 GC heap after
{Heap after GC invocations=26 (full 0):
 garbage-first heap   total 109568K, used 67769K [0x0000000080000000, 0x0000000100000000)
  region size 1024K, 5 young (5120K), 5 survivors (5120K)
 Metaspace       used 74784K, committed 76544K, reserved 1114112K
  class space    used 10274K, committed 11136K, reserved 1048576K
}
Event: 17.774 GC heap before
{Heap before GC invocations=26 (full 0):
 garbage-first heap   total 109568K, used 95417K [0x0000000080000000, 0x0000000100000000)
  region size 1024K, 33 young (33792K), 5 survivors (5120K)
 Metaspace       used 77638K, committed 79424K, reserved 1179648K
  class space    used 10583K, committed 11456K, reserved 1048576K
}
Event: 17.777 GC heap after
{Heap after GC invocations=27 (full 0):
 garbage-first heap   total 109568K, used 68001K [0x0000000080000000, 0x0000000100000000)
  region size 1024K, 1 young (1024K), 1 survivors (1024K)
 Metaspace       used 77638K, committed 79424K, reserved 1179648K
  class space    used 10583K, committed 11456K, reserved 1048576K
}

